<?xml version="1.0" encoding="UTF-8"?>
<!-- Generated by org.testng.reporters.JUnitReportReporter -->
<testsuite hostname="ATMECSINDT-088" failures="0" tests="1" name="com.atmecs.practo.testscript.BookingDoctorAppointment" time="15.831" errors="0" timestamp="10 Sep 2019 15:05:01 GMT" skipped="0">
  <testcase classname="com.atmecs.practo.testscript.BookingDoctorAppointment" name="findAndBooking" time="15.831"/>
</testsuite> <!-- com.atmecs.practo.testscript.BookingDoctorAppointment -->
